Jan 10 19:13:00 JasonsMac rails[55717]: [4;36;1mSQL (0.1ms)[0m   [0;1mSET NAMES 'utf8'[0m
Jan 10 19:13:00 JasonsMac rails[55717]: [4;35;1mSQL (0.1ms)[0m   [0mSET SQL_AUTO_IS_NULL=0[0m
Jan 10 19:13:00 JasonsMac rails[55717]: [4;36;1mSQL (0.3ms)[0m   [0;1mSHOW TABLES[0m
Jan 10 19:13:00 JasonsMac rails[55717]: [4;35;1mSQL (56.1ms)[0m   [0mCREATE TABLE `schema_migrations` (`version` varchar(255) NOT NULL) ENGINE=InnoDB[0m
Jan 10 19:13:00 JasonsMac rails[55717]: [4;36;1mSQL (183.7ms)[0m   [0;1mCREATE UNIQUE INDEX `unique_schema_migrations` ON `schema_migrations` (`version`)[0m
Jan 10 19:13:00 JasonsMac rails[55717]: [4;35;1mSQL (0.5ms)[0m   [0mSHOW TABLES[0m
Jan 10 19:13:00 JasonsMac rails[55717]: [4;36;1mSQL (0.3ms)[0m   [0;1mSELECT version FROM schema_migrations[0m
Jan 10 19:13:00 JasonsMac rails[55717]: Migrating to CreateUsers (20100111031245)
Jan 10 19:13:00 JasonsMac rails[55717]: [4;35;1mSQL (0.4ms)[0m   [0mSHOW TABLES[0m
Jan 10 19:13:00 JasonsMac rails[55717]: [4;36;1mSQL (124.6ms)[0m   [0;1mCREATE TABLE `users` (`id` int(11) DEFAULT NULL auto_increment PRIMARY KEY, `login` varchar(40), `name` varchar(100) DEFAULT '', `email` varchar(100), `crypted_password` varchar(40), `salt` varchar(40), `created_at` datetime, `updated_at` datetime, `remember_token` varchar(40), `remember_token_expires_at` datetime, `activation_code` varchar(40), `activated_at` datetime, `state` varchar(255) DEFAULT 'passive', `deleted_at` datetime) ENGINE=InnoDB[0m
Jan 10 19:13:01 JasonsMac rails[55717]: [4;35;1mSQL (182.3ms)[0m   [0mCREATE UNIQUE INDEX `index_users_on_login` ON `users` (`login`)[0m
Jan 10 19:13:01 JasonsMac rails[55717]: [4;36;1mSQL (0.5ms)[0m   [0;1mINSERT INTO schema_migrations (version) VALUES ('20100111031245')[0m
Jan 10 19:13:01 JasonsMac rails[55717]: Migrating to CreateAwards (20100111031248)
Jan 10 19:13:01 JasonsMac rails[55717]: [4;35;1mSQL (136.3ms)[0m   [0mCREATE TABLE `awards` (`id` int(11) DEFAULT NULL auto_increment PRIMARY KEY, `name` varchar(255), `description` text, `created_at` datetime, `updated_at` datetime) ENGINE=InnoDB[0m
Jan 10 19:13:01 JasonsMac rails[55717]: [4;36;1mSQL (0.7ms)[0m   [0;1mINSERT INTO schema_migrations (version) VALUES ('20100111031248')[0m
Jan 10 19:13:01 JasonsMac rails[55717]: Migrating to CreateNominees (20100111031250)
Jan 10 19:13:01 JasonsMac rails[55717]: [4;35;1mSQL (128.4ms)[0m   [0mCREATE TABLE `nominees` (`id` int(11) DEFAULT NULL auto_increment PRIMARY KEY, `name` varchar(255), `description` text, `movie_name` varchar(255), `first_name` varchar(255), `last_name` varchar(255), `created_at` datetime, `updated_at` datetime) ENGINE=InnoDB[0m
Jan 10 19:13:01 JasonsMac rails[55717]: [4;36;1mSQL (0.5ms)[0m   [0;1mINSERT INTO schema_migrations (version) VALUES ('20100111031250')[0m
Jan 10 19:13:01 JasonsMac rails[55717]: Migrating to CreateNominations (20100111031252)
Jan 10 19:13:01 JasonsMac rails[55717]: [4;35;1mSQL (128.9ms)[0m   [0mCREATE TABLE `nominations` (`id` int(11) DEFAULT NULL auto_increment PRIMARY KEY, `award_id` int(11), `nominee_id` int(11), `created_at` datetime, `updated_at` datetime) ENGINE=InnoDB[0m
Jan 10 19:13:01 JasonsMac rails[55717]: [4;36;1mSQL (0.5ms)[0m   [0;1mINSERT INTO schema_migrations (version) VALUES ('20100111031252')[0m
Jan 10 19:13:01 JasonsMac rails[55717]: Migrating to CreateLeagues (20100111031255)
Jan 10 19:13:01 JasonsMac rails[55717]: [4;35;1mSQL (127.2ms)[0m   [0mCREATE TABLE `leagues` (`id` int(11) DEFAULT NULL auto_increment PRIMARY KEY, `name` varchar(255), `passcode` varchar(255), `description` text, `created_at` datetime, `updated_at` datetime) ENGINE=InnoDB[0m
Jan 10 19:13:01 JasonsMac rails[55717]: [4;36;1mSQL (0.5ms)[0m   [0;1mINSERT INTO schema_migrations (version) VALUES ('20100111031255')[0m
Jan 10 19:13:01 JasonsMac rails[55717]: Migrating to CreateSelections (20100111031257)
Jan 10 19:13:01 JasonsMac rails[55717]: [4;35;1mSQL (121.0ms)[0m   [0mCREATE TABLE `selections` (`id` int(11) DEFAULT NULL auto_increment PRIMARY KEY, `user_id` int(11), `league_id` int(11), `created_at` datetime, `updated_at` datetime) ENGINE=InnoDB[0m
Jan 10 19:13:01 JasonsMac rails[55717]: [4;36;1mSQL (0.5ms)[0m   [0;1mINSERT INTO schema_migrations (version) VALUES ('20100111031257')[0m
Jan 10 19:13:01 JasonsMac rails[55717]: [4;35;1mSQL (0.6ms)[0m   [0mSHOW TABLES[0m
Jan 10 19:13:01 JasonsMac rails[55717]: [4;36;1mSQL (0.2ms)[0m   [0;1mSELECT version FROM schema_migrations[0m
Jan 10 19:13:01 JasonsMac rails[55717]: [4;35;1mSQL (0.4ms)[0m   [0mSHOW TABLES[0m
Jan 10 19:13:01 JasonsMac rails[55717]: [4;36;1mSQL (1.7ms)[0m   [0;1mSHOW FIELDS FROM `awards`[0m
Jan 10 19:13:01 JasonsMac rails[55717]: [4;35;1mSQL (1.4ms)[0m   [0mdescribe `awards`[0m
Jan 10 19:13:01 JasonsMac rails[55717]: [4;36;1mSQL (0.3ms)[0m   [0;1mSHOW KEYS FROM `awards`[0m
Jan 10 19:13:01 JasonsMac rails[55717]: [4;35;1mSQL (1.6ms)[0m   [0mSHOW FIELDS FROM `leagues`[0m
Jan 10 19:13:01 JasonsMac rails[55717]: [4;36;1mSQL (2.6ms)[0m   [0;1mdescribe `leagues`[0m
Jan 10 19:13:01 JasonsMac rails[55717]: [4;35;1mSQL (0.7ms)[0m   [0mSHOW KEYS FROM `leagues`[0m
Jan 10 19:13:01 JasonsMac rails[55717]: [4;36;1mSQL (1.6ms)[0m   [0;1mSHOW FIELDS FROM `nominations`[0m
Jan 10 19:13:01 JasonsMac rails[55717]: [4;35;1mSQL (1.5ms)[0m   [0mdescribe `nominations`[0m
Jan 10 19:13:01 JasonsMac rails[55717]: [4;36;1mSQL (0.8ms)[0m   [0;1mSHOW KEYS FROM `nominations`[0m
Jan 10 19:13:01 JasonsMac rails[55717]: [4;35;1mSQL (2.2ms)[0m   [0mSHOW FIELDS FROM `nominees`[0m
Jan 10 19:13:01 JasonsMac rails[55717]: [4;36;1mSQL (2.7ms)[0m   [0;1mdescribe `nominees`[0m
Jan 10 19:13:01 JasonsMac rails[55717]: [4;35;1mSQL (0.3ms)[0m   [0mSHOW KEYS FROM `nominees`[0m
Jan 10 19:13:01 JasonsMac rails[55717]: [4;36;1mSQL (1.5ms)[0m   [0;1mSHOW FIELDS FROM `selections`[0m
Jan 10 19:13:01 JasonsMac rails[55717]: [4;35;1mSQL (1.9ms)[0m   [0mdescribe `selections`[0m
Jan 10 19:13:01 JasonsMac rails[55717]: [4;36;1mSQL (0.6ms)[0m   [0;1mSHOW KEYS FROM `selections`[0m
Jan 10 19:13:01 JasonsMac rails[55717]: [4;35;1mSQL (2.6ms)[0m   [0mSHOW FIELDS FROM `users`[0m
Jan 10 19:13:01 JasonsMac rails[55717]: [4;36;1mSQL (3.1ms)[0m   [0;1mdescribe `users`[0m
Jan 10 19:13:01 JasonsMac rails[55717]: [4;35;1mSQL (0.3ms)[0m   [0mSHOW KEYS FROM `users`[0m
Jan 10 19:13:04 JasonsMac rails[55719]: [4;36;1mSQL (0.1ms)[0m   [0;1mSET NAMES 'utf8'[0m
Jan 10 19:13:04 JasonsMac rails[55719]: [4;35;1mSQL (0.1ms)[0m   [0mSET SQL_AUTO_IS_NULL=0[0m
Jan 10 19:13:04 JasonsMac rails[55719]: [4;36;1mAward Columns (1.8ms)[0m   [0;1mSHOW FIELDS FROM `awards`[0m
Jan 10 19:13:04 JasonsMac rails[55719]: [4;35;1mLeague Columns (1.5ms)[0m   [0mSHOW FIELDS FROM `leagues`[0m
Jan 10 19:13:04 JasonsMac rails[55719]: [4;36;1mNomination Columns (22.5ms)[0m   [0;1mSHOW FIELDS FROM `nominations`[0m
Jan 10 19:13:04 JasonsMac rails[55719]: [4;35;1mNominee Columns (1.6ms)[0m   [0mSHOW FIELDS FROM `nominees`[0m
Jan 10 19:13:04 JasonsMac rails[55719]: [4;36;1mSelection Columns (4.7ms)[0m   [0;1mSHOW FIELDS FROM `selections`[0m
Jan 10 19:13:04 JasonsMac rails[55719]: [4;35;1mUser Columns (3.7ms)[0m   [0mSHOW FIELDS FROM `users`[0m
Jan 10 19:13:09 JasonsMac rails[55736]: [4;36;1mSQL (0.1ms)[0m   [0;1mSET NAMES 'utf8'[0m
Jan 10 19:13:09 JasonsMac rails[55736]: [4;35;1mSQL (0.1ms)[0m   [0mSET SQL_AUTO_IS_NULL=0[0m
Jan 10 19:13:09 JasonsMac rails[55736]: [4;36;1mAward Columns (1.6ms)[0m   [0;1mSHOW FIELDS FROM `awards`[0m
Jan 10 19:13:09 JasonsMac rails[55736]: [4;35;1mLeague Columns (18.6ms)[0m   [0mSHOW FIELDS FROM `leagues`[0m
Jan 10 19:13:09 JasonsMac rails[55736]: [4;36;1mNomination Columns (4.1ms)[0m   [0;1mSHOW FIELDS FROM `nominations`[0m
Jan 10 19:13:09 JasonsMac rails[55736]: [4;35;1mNominee Columns (3.0ms)[0m   [0mSHOW FIELDS FROM `nominees`[0m
Jan 10 19:13:09 JasonsMac rails[55736]: [4;36;1mSelection Columns (5.3ms)[0m   [0;1mSHOW FIELDS FROM `selections`[0m
Jan 10 19:13:09 JasonsMac rails[55736]: [4;35;1mUser Columns (2.0ms)[0m   [0mSHOW FIELDS FROM `users`[0m
