Jan 10 23:18:34 JasonsMac rails[57286]: [4;36;1mSQL (0.1ms)[0m   [0;1mSET NAMES 'utf8'[0m
Jan 10 23:18:34 JasonsMac rails[57286]: [4;35;1mSQL (0.1ms)[0m   [0mSET SQL_AUTO_IS_NULL=0[0m
Jan 10 23:18:34 JasonsMac rails[57286]: [4;36;1mSQL (0.3ms)[0m   [0;1mSHOW TABLES[0m
Jan 10 23:18:34 JasonsMac rails[57286]: [4;35;1mSQL (71.2ms)[0m   [0mCREATE TABLE `schema_migrations` (`version` varchar(255) NOT NULL) ENGINE=InnoDB[0m
Jan 10 23:18:34 JasonsMac rails[57286]: [4;36;1mSQL (197.7ms)[0m   [0;1mCREATE UNIQUE INDEX `unique_schema_migrations` ON `schema_migrations` (`version`)[0m
Jan 10 23:18:34 JasonsMac rails[57286]: [4;35;1mSQL (0.4ms)[0m   [0mSHOW TABLES[0m
Jan 10 23:18:34 JasonsMac rails[57286]: [4;36;1mSQL (0.3ms)[0m   [0;1mSELECT version FROM schema_migrations[0m
Jan 10 23:18:34 JasonsMac rails[57286]: Migrating to CreateUsers (20100111050537)
Jan 10 23:18:34 JasonsMac rails[57286]: [4;35;1mSQL (0.3ms)[0m   [0mSHOW TABLES[0m
Jan 10 23:18:34 JasonsMac rails[57286]: [4;36;1mSQL (110.9ms)[0m   [0;1mCREATE TABLE `users` (`id` int(11) DEFAULT NULL auto_increment PRIMARY KEY, `login` varchar(40), `name` varchar(100) DEFAULT '', `email` varchar(100), `crypted_password` varchar(40), `salt` varchar(40), `created_at` datetime, `updated_at` datetime, `remember_token` varchar(40), `remember_token_expires_at` datetime, `activation_code` varchar(40), `activated_at` datetime, `state` varchar(255) DEFAULT 'passive', `deleted_at` datetime) ENGINE=InnoDB[0m
Jan 10 23:18:35 JasonsMac rails[57286]: [4;35;1mSQL (166.3ms)[0m   [0mCREATE UNIQUE INDEX `index_users_on_login` ON `users` (`login`)[0m
Jan 10 23:18:35 JasonsMac rails[57286]: [4;36;1mSQL (0.5ms)[0m   [0;1mINSERT INTO schema_migrations (version) VALUES ('20100111050537')[0m
Jan 10 23:18:35 JasonsMac rails[57286]: Migrating to CreateAwards (20100111050539)
Jan 10 23:18:35 JasonsMac rails[57286]: [4;35;1mSQL (129.8ms)[0m   [0mCREATE TABLE `awards` (`id` int(11) DEFAULT NULL auto_increment PRIMARY KEY, `name` varchar(255), `description` text, `created_at` datetime, `updated_at` datetime) ENGINE=InnoDB[0m
Jan 10 23:18:35 JasonsMac rails[57286]: [4;36;1mSQL (0.4ms)[0m   [0;1mINSERT INTO schema_migrations (version) VALUES ('20100111050539')[0m
Jan 10 23:18:35 JasonsMac rails[57286]: Migrating to CreateNominees (20100111050542)
Jan 10 23:18:35 JasonsMac rails[57286]: [4;35;1mSQL (129.9ms)[0m   [0mCREATE TABLE `nominees` (`id` int(11) DEFAULT NULL auto_increment PRIMARY KEY, `name` varchar(255), `description` text, `movie_name` varchar(255), `first_name` varchar(255), `last_name` varchar(255), `created_at` datetime, `updated_at` datetime) ENGINE=InnoDB[0m
Jan 10 23:18:35 JasonsMac rails[57286]: [4;36;1mSQL (0.5ms)[0m   [0;1mINSERT INTO schema_migrations (version) VALUES ('20100111050542')[0m
Jan 10 23:18:35 JasonsMac rails[57286]: Migrating to CreateNominations (20100111050544)
Jan 10 23:18:35 JasonsMac rails[57286]: [4;35;1mSQL (130.5ms)[0m   [0mCREATE TABLE `nominations` (`id` int(11) DEFAULT NULL auto_increment PRIMARY KEY, `award_id` int(11), `nominee_id` int(11), `created_at` datetime, `updated_at` datetime) ENGINE=InnoDB[0m
Jan 10 23:18:35 JasonsMac rails[57286]: [4;36;1mSQL (0.5ms)[0m   [0;1mINSERT INTO schema_migrations (version) VALUES ('20100111050544')[0m
Jan 10 23:18:35 JasonsMac rails[57286]: Migrating to CreateLeagues (20100111050547)
Jan 10 23:18:35 JasonsMac rails[57286]: [4;35;1mSQL (129.0ms)[0m   [0mCREATE TABLE `leagues` (`id` int(11) DEFAULT NULL auto_increment PRIMARY KEY, `name` varchar(255), `passcode` varchar(255), `description` text, `created_at` datetime, `updated_at` datetime) ENGINE=InnoDB[0m
Jan 10 23:18:35 JasonsMac rails[57286]: [4;36;1mSQL (0.5ms)[0m   [0;1mINSERT INTO schema_migrations (version) VALUES ('20100111050547')[0m
Jan 10 23:18:35 JasonsMac rails[57286]: Migrating to CreateSelections (20100111050549)
Jan 10 23:18:35 JasonsMac rails[57286]: [4;35;1mSQL (130.3ms)[0m   [0mCREATE TABLE `selections` (`id` int(11) DEFAULT NULL auto_increment PRIMARY KEY, `user_id` int(11), `league_id` int(11), `created_at` datetime, `updated_at` datetime) ENGINE=InnoDB[0m
Jan 10 23:18:35 JasonsMac rails[57286]: [4;36;1mSQL (0.5ms)[0m   [0;1mINSERT INTO schema_migrations (version) VALUES ('20100111050549')[0m
Jan 10 23:18:35 JasonsMac rails[57286]: [4;35;1mSQL (0.6ms)[0m   [0mSHOW TABLES[0m
Jan 10 23:18:35 JasonsMac rails[57286]: [4;36;1mSQL (0.2ms)[0m   [0;1mSELECT version FROM schema_migrations[0m
Jan 10 23:18:35 JasonsMac rails[57286]: [4;35;1mSQL (0.4ms)[0m   [0mSHOW TABLES[0m
Jan 10 23:18:35 JasonsMac rails[57286]: [4;36;1mSQL (2.0ms)[0m   [0;1mSHOW FIELDS FROM `awards`[0m
Jan 10 23:18:35 JasonsMac rails[57286]: [4;35;1mSQL (1.7ms)[0m   [0mdescribe `awards`[0m
Jan 10 23:18:35 JasonsMac rails[57286]: [4;36;1mSQL (0.3ms)[0m   [0;1mSHOW KEYS FROM `awards`[0m
Jan 10 23:18:35 JasonsMac rails[57286]: [4;35;1mSQL (1.6ms)[0m   [0mSHOW FIELDS FROM `leagues`[0m
Jan 10 23:18:35 JasonsMac rails[57286]: [4;36;1mSQL (2.1ms)[0m   [0;1mdescribe `leagues`[0m
Jan 10 23:18:35 JasonsMac rails[57286]: [4;35;1mSQL (0.5ms)[0m   [0mSHOW KEYS FROM `leagues`[0m
Jan 10 23:18:35 JasonsMac rails[57286]: [4;36;1mSQL (3.3ms)[0m   [0;1mSHOW FIELDS FROM `nominations`[0m
Jan 10 23:18:35 JasonsMac rails[57286]: [4;35;1mSQL (2.5ms)[0m   [0mdescribe `nominations`[0m
Jan 10 23:18:35 JasonsMac rails[57286]: [4;36;1mSQL (0.5ms)[0m   [0;1mSHOW KEYS FROM `nominations`[0m
Jan 10 23:18:35 JasonsMac rails[57286]: [4;35;1mSQL (1.7ms)[0m   [0mSHOW FIELDS FROM `nominees`[0m
Jan 10 23:18:35 JasonsMac rails[57286]: [4;36;1mSQL (2.3ms)[0m   [0;1mdescribe `nominees`[0m
Jan 10 23:18:35 JasonsMac rails[57286]: [4;35;1mSQL (0.4ms)[0m   [0mSHOW KEYS FROM `nominees`[0m
Jan 10 23:18:35 JasonsMac rails[57286]: [4;36;1mSQL (2.5ms)[0m   [0;1mSHOW FIELDS FROM `selections`[0m
Jan 10 23:18:35 JasonsMac rails[57286]: [4;35;1mSQL (2.1ms)[0m   [0mdescribe `selections`[0m
Jan 10 23:18:35 JasonsMac rails[57286]: [4;36;1mSQL (0.5ms)[0m   [0;1mSHOW KEYS FROM `selections`[0m
Jan 10 23:18:35 JasonsMac rails[57286]: [4;35;1mSQL (2.3ms)[0m   [0mSHOW FIELDS FROM `users`[0m
Jan 10 23:18:35 JasonsMac rails[57286]: [4;36;1mSQL (15.8ms)[0m   [0;1mdescribe `users`[0m
Jan 10 23:18:35 JasonsMac rails[57286]: [4;35;1mSQL (0.9ms)[0m   [0mSHOW KEYS FROM `users`[0m
